TN:
SF:app.js
FNF:0
FNH:0
DA:1,2
DA:2,2
DA:3,2
DA:4,2
DA:5,2
DA:6,2
DA:8,2
DA:12,2
DA:13,2
DA:15,2
DA:16,2
DA:17,2
DA:18,2
DA:19,2
DA:20,2
DA:21,2
DA:23,2
LF:17
LH:17
BRF:0
BRH:0
end_of_record
TN:
SF:public\middleware\checkAuth.js
FN:11,readConfig
FN:15,(anonymous_1)
FNF:2
FNH:2
FNDA:2,readConfig
FNDA:2,(anonymous_1)
DA:6,2
DA:7,2
DA:9,2
DA:12,2
DA:15,2
DA:16,2
DA:17,2
DA:18,1
DA:21,1
DA:24,2
DA:25,2
DA:26,2
DA:29,0
LF:13
LH:12
BRDA:17,0,0,1
BRDA:17,0,1,1
BRF:2
BRH:2
end_of_record
TN:
SF:public\model\datastore.js
FN:13,(anonymous_0)
FN:14,(anonymous_1)
FN:15,(anonymous_2)
FN:26,(anonymous_3)
FN:28,(anonymous_4)
FN:36,(anonymous_5)
FN:39,(anonymous_6)
FN:50,(anonymous_7)
FN:52,(anonymous_8)
FN:60,(anonymous_9)
FN:65,(anonymous_10)
FN:76,(anonymous_11)
FN:79,(anonymous_12)
FN:88,(anonymous_13)
FN:92,(anonymous_14)
FN:103,(anonymous_15)
FN:106,(anonymous_16)
FN:113,(anonymous_17)
FN:115,(anonymous_18)
FN:123,(anonymous_19)
FN:124,(anonymous_20)
FN:125,(anonymous_21)
FN:131,(anonymous_22)
FN:132,(anonymous_23)
FN:133,(anonymous_24)
FNF:25
FNH:7
FNDA:1,(anonymous_0)
FNDA:1,(anonymous_1)
FNDA:1,(anonymous_2)
FNDA:0,(anonymous_3)
FNDA:0,(anonymous_4)
FNDA:0,(anonymous_5)
FNDA:0,(anonymous_6)
FNDA:0,(anonymous_7)
FNDA:0,(anonymous_8)
FNDA:0,(anonymous_9)
FNDA:0,(anonymous_10)
FNDA:0,(anonymous_11)
FNDA:0,(anonymous_12)
FNDA:0,(anonymous_13)
FNDA:0,(anonymous_14)
FNDA:0,(anonymous_15)
FNDA:0,(anonymous_16)
FNDA:1,(anonymous_17)
FNDA:1,(anonymous_18)
FNDA:0,(anonymous_19)
FNDA:0,(anonymous_20)
FNDA:0,(anonymous_21)
FNDA:1,(anonymous_22)
FNDA:1,(anonymous_23)
FNDA:0,(anonymous_24)
DA:5,2
DA:6,2
DA:7,2
DA:9,2
DA:11,2
DA:13,2
DA:14,1
DA:15,1
DA:16,1
DA:17,0
DA:20,1
DA:26,2
DA:27,0
DA:28,0
DA:29,0
DA:32,0
DA:36,2
DA:37,0
DA:38,0
DA:39,0
DA:40,0
DA:41,0
DA:43,0
DA:46,0
DA:50,2
DA:51,0
DA:52,0
DA:53,0
DA:56,0
DA:60,2
DA:61,0
DA:62,0
DA:63,0
DA:65,0
DA:66,0
DA:67,0
DA:69,0
DA:72,0
DA:76,2
DA:77,0
DA:79,0
DA:81,0
DA:84,0
DA:88,2
DA:89,0
DA:90,0
DA:92,0
DA:93,0
DA:94,0
DA:95,0
DA:99,0
DA:103,2
DA:104,0
DA:106,0
DA:107,0
DA:110,0
DA:113,2
DA:114,1
DA:115,1
DA:117,1
DA:120,1
DA:123,2
DA:124,0
DA:125,0
DA:126,0
DA:131,2
DA:132,1
DA:133,1
DA:134,0
DA:139,2
LF:70
LH:27
BRDA:16,0,0,0
BRDA:16,0,1,1
BRF:2
BRH:1
end_of_record
TN:
SF:public\model\datastoreUsers.js
FN:13,(anonymous_0)
FN:17,(anonymous_1)
FN:19,(anonymous_2)
FN:26,(anonymous_3)
FN:28,(anonymous_4)
FN:36,(anonymous_5)
FN:38,(anonymous_6)
FNF:7
FNH:2
FNDA:0,(anonymous_0)
FNDA:2,(anonymous_1)
FNDA:2,(anonymous_2)
FNDA:0,(anonymous_3)
FNDA:0,(anonymous_4)
FNDA:0,(anonymous_5)
FNDA:0,(anonymous_6)
DA:5,2
DA:6,2
DA:7,2
DA:9,2
DA:11,2
DA:13,2
DA:14,0
DA:17,2
DA:18,2
DA:19,2
DA:20,2
DA:23,2
DA:26,2
DA:27,0
DA:28,0
DA:30,0
DA:33,0
DA:36,2
DA:37,0
DA:38,0
DA:39,0
DA:42,0
DA:46,2
LF:23
LH:14
BRF:0
BRH:0
end_of_record
TN:
SF:public\routes\form_details.js
FN:8,(anonymous_0)
FN:13,(anonymous_1)
FN:26,(anonymous_2)
FN:29,(anonymous_3)
FN:35,(anonymous_4)
FN:40,(anonymous_5)
FN:46,(anonymous_6)
FN:51,(anonymous_7)
FNF:8
FNH:4
FNDA:1,(anonymous_0)
FNDA:1,(anonymous_1)
FNDA:1,(anonymous_2)
FNDA:0,(anonymous_3)
FNDA:0,(anonymous_4)
FNDA:1,(anonymous_5)
FNDA:0,(anonymous_6)
FNDA:0,(anonymous_7)
DA:1,2
DA:2,2
DA:3,2
DA:4,2
DA:6,2
DA:8,2
DA:9,1
DA:10,1
DA:13,2
DA:14,1
DA:15,0
DA:18,1
DA:20,1
DA:21,1
DA:22,1
DA:23,1
DA:25,1
DA:27,1
DA:28,0
DA:29,0
DA:30,0
DA:36,0
DA:40,1
DA:41,1
DA:47,0
DA:52,0
DA:57,2
LF:27
LH:20
BRDA:14,0,0,0
BRDA:14,0,1,1
BRDA:27,1,0,0
BRDA:27,1,1,1
BRF:4
BRH:2
end_of_record
TN:
SF:public\routes\nedb_demo.js
FN:6,(anonymous_0)
FN:8,(anonymous_1)
FN:11,(anonymous_2)
FN:16,(anonymous_3)
FN:18,(anonymous_4)
FN:21,(anonymous_5)
FN:26,(anonymous_6)
FN:28,(anonymous_7)
FN:31,(anonymous_8)
FN:36,(anonymous_9)
FN:39,(anonymous_10)
FN:42,(anonymous_11)
FN:47,(anonymous_12)
FN:56,(anonymous_13)
FN:59,(anonymous_14)
FN:64,(anonymous_15)
FN:68,(anonymous_16)
FN:71,(anonymous_17)
FN:76,(anonymous_18)
FN:81,(anonymous_19)
FN:84,(anonymous_20)
FNF:21
FNH:0
FNDA:0,(anonymous_0)
FNDA:0,(anonymous_1)
FNDA:0,(anonymous_2)
FNDA:0,(anonymous_3)
FNDA:0,(anonymous_4)
FNDA:0,(anonymous_5)
FNDA:0,(anonymous_6)
FNDA:0,(anonymous_7)
FNDA:0,(anonymous_8)
FNDA:0,(anonymous_9)
FNDA:0,(anonymous_10)
FNDA:0,(anonymous_11)
FNDA:0,(anonymous_12)
FNDA:0,(anonymous_13)
FNDA:0,(anonymous_14)
FNDA:0,(anonymous_15)
FNDA:0,(anonymous_16)
FNDA:0,(anonymous_17)
FNDA:0,(anonymous_18)
FNDA:0,(anonymous_19)
FNDA:0,(anonymous_20)
DA:1,2
DA:2,2
DA:3,2
DA:4,2
DA:6,2
DA:7,0
DA:9,0
DA:12,0
DA:16,2
DA:17,0
DA:19,0
DA:22,0
DA:26,2
DA:27,0
DA:29,0
DA:32,0
DA:36,2
DA:38,0
DA:40,0
DA:43,0
DA:47,2
DA:48,0
DA:49,0
DA:51,0
DA:52,0
DA:55,0
DA:57,0
DA:60,0
DA:64,2
DA:65,0
DA:67,0
DA:69,0
DA:72,0
DA:76,2
DA:77,0
DA:78,0
DA:80,0
DA:82,0
DA:85,0
DA:89,2
LF:40
LH:12
BRF:0
BRH:0
end_of_record
TN:
SF:public\routes\users.js
FN:19,readConfig
FN:25,(anonymous_1)
FN:32,(anonymous_2)
FN:40,(anonymous_3)
FN:51,(anonymous_4)
FN:59,(anonymous_5)
FN:76,(anonymous_6)
FN:79,(anonymous_7)
FN:81,(anonymous_8)
FN:141,(anonymous_9)
FN:151,(anonymous_10)
FNF:11
FNH:4
FNDA:2,readConfig
FNDA:0,(anonymous_1)
FNDA:0,(anonymous_2)
FNDA:0,(anonymous_3)
FNDA:0,(anonymous_4)
FNDA:0,(anonymous_5)
FNDA:2,(anonymous_6)
FNDA:2,(anonymous_7)
FNDA:2,(anonymous_8)
FNDA:0,(anonymous_9)
FNDA:0,(anonymous_10)
DA:1,2
DA:2,2
DA:3,2
DA:4,2
DA:5,2
DA:6,2
DA:7,2
DA:8,2
DA:9,2
DA:10,2
DA:11,2
DA:12,2
DA:14,2
DA:15,2
DA:17,2
DA:20,2
DA:23,2
DA:26,0
DA:28,0
DA:30,0
DA:35,0
DA:37,0
DA:38,0
DA:40,0
DA:41,0
DA:42,0
DA:46,0
DA:50,0
DA:52,0
DA:53,0
DA:58,0
DA:60,0
DA:61,0
DA:63,0
DA:64,0
DA:76,2
DA:77,2
DA:78,2
DA:80,2
DA:81,2
DA:82,2
DA:83,0
DA:86,2
DA:87,2
DA:88,2
DA:89,2
DA:115,2
DA:119,0
DA:128,0
DA:135,0
DA:141,2
DA:142,0
DA:143,0
DA:144,0
DA:145,0
DA:146,0
DA:151,2
DA:152,0
DA:158,2
LF:59
LH:31
BRDA:26,0,0,0
BRDA:26,0,1,0
BRDA:37,1,0,0
BRDA:37,1,1,0
BRDA:41,2,0,0
BRDA:41,2,1,0
BRDA:52,3,0,0
BRDA:52,3,1,0
BRDA:60,4,0,0
BRDA:60,4,1,0
BRDA:80,5,0,2
BRDA:80,5,1,0
BRDA:82,6,0,0
BRDA:82,6,1,2
BRDA:86,7,0,2
BRDA:86,7,1,0
BRF:16
BRH:3
end_of_record
